<?xml version="1.0" encoding="UTF-8" ?>
<testsuite tests="14" failures="0" name="Runner" time="8.887" errors="0" skipped="0">
  <properties>
    <property name="java.runtime.name" value="Java(TM) SE Runtime Environment"/>
    <property name="java.vm.version" value="11.0.7+8-LTS"/>
    <property name="sun.boot.library.path" value="C:\Program Files\Java\jdk-11.0.7\bin"/>
    <property name="maven.multiModuleProjectDirectory" value="C:/Users/Eduardo/IdeaProjects/qacademy_cucumber_turma6_eduardo.git"/>
    <property name="java.vm.vendor" value="Oracle Corporation"/>
    <property name="java.vendor.url" value="https://openjdk.java.net/"/>
    <property name="guice.disable.misplaced.annotation.check" value="true"/>
    <property name="path.separator" value=";"/>
    <property name="java.vm.name" value="Java HotSpot(TM) 64-Bit Server VM"/>
    <property name="sun.os.patch.level" value=""/>
    <property name="user.script" value=""/>
    <property name="user.country" value="BR"/>
    <property name="sun.java.launcher" value="SUN_STANDARD"/>
    <property name="test" value="Runner"/>
    <property name="java.vm.specification.name" value="Java Virtual Machine Specification"/>
    <property name="user.dir" value="C:\Users\Eduardo\IdeaProjects\qacademy_cucumber_turma6_eduardo.git"/>
    <property name="java.vm.compressedOopsMode" value="32-bit"/>
    <property name="java.runtime.version" value="11.0.7+8-LTS"/>
    <property name="java.awt.graphicsenv" value="sun.awt.Win32GraphicsEnvironment"/>
    <property name="os.arch" value="amd64"/>
    <property name="java.io.tmpdir" value="C:\Users\Eduardo\AppData\Local\Temp\"/>
    <property name="line.separator" value="
"/>
    <property name="java.vm.specification.vendor" value="Oracle Corporation"/>
    <property name="user.variant" value=""/>
    <property name="os.name" value="Windows 10"/>
    <property name="classworlds.conf" value="C:/ProgramData/chocolatey/lib/maven/apache-maven-3.8.6/bin/m2.conf"/>
    <property name="sun.jnu.encoding" value="Cp1252"/>
    <property name="java.library.path" value="C:\Program Files\Java\jdk-11.0.7\bin;C:\WINDOWS\Sun\Java\bin;C:\WINDOWS\system32;C:\WINDOWS;C:\Users\Eduardo\bin;C:\Program Files\Git\mingw64\bin;C:\Program Files\Git\usr\local\bin;C:\Program Files\Git\usr\bin;C:\Program Files\Git\usr\bin;C:\Program Files\Git\mingw64\bin;C:\Program Files\Git\usr\bin;C:\Users\Eduardo\bin;C:\Python38\Scripts;C:\Python38;C:\WINDOWS\system32;C:\WINDOWS;C:\WINDOWS\System32\Wbem;C:\WINDOWS\System32\WindowsPowerShell\v1.0;C:\WINDOWS\System32\OpenSSH;C:\Program Files (x86)\Microsoft SQL Server\100\Tools\Binn\VSShell\Common7\IDE;C:\Program Files (x86)\Microsoft SQL Server\100\Tools\Binn;C:\Program Files\Microsoft SQL Server\100\Tools\Binn;C:\Program Files (x86)\Microsoft SQL Server\100\DTS\Binn;C:\Program Files\nodejs;C:\ProgramData\chocolatey\bin;C:\Program Files (x86)\Cmder\Cmder.exe;C:\Program Files\MongoDB\Server\4.4\bin;C:\Program Files\Java\jdk-11.0.7\bin;C:\Program Files\Microsoft SQL Server\Client SDK\ODBC\130\Tools\Binn;C:\Program Files (x86)\Microsoft SQL Server\140\Tools\Binn;C:\Program Files\Microsoft SQL Server\140\Tools\Binn;C:\Program Files\Microsoft SQL Server\140\DTS\Binn;C:\Program Files (x86)\Microsoft SQL Server\150\DTS\Binn;C:\Program Files\Azure Data Studio\bin;C:\ProgramData\chocolatey\lib\maven\apache-maven-3.8.6\bin;C:\Program Files\Git\cmd;C:\Users\Eduardo\Desktop\Allure\allure-2.17.3\bin;C:\Users\Eduardo\AppData\Local\Programs\Python\Python39\Scripts;C:\Users\Eduardo\AppData\Local\Programs\Python\Python39;C:\Users\Eduardo\AppData\Local\GitHubDesktop\bin;C:\Users\Eduardo\AppData\Local\Microsoft\WindowsApps;C:\Users\Eduardo\AppData\Roaming\npm;C:\Program Files\Azure Data Studio\bin;C:\Users\Eduardo\AppData\Local\Programs\Microsoft VS Code\bin;C:\Program Files\Java\jdk-11.0.7\bin;C:\Users\Eduardo\Desktop\Curso_Java\apache-maven-3.8.1\bin;C:\Users\Eduardo\AppData\Local\Android\Sdk\tools;C:\Users\Eduardo\AppData\Local\Android\Sdk\tools\bin;C:\Users\Eduardo\AppData\Local\Android\Sdk\build-tools\31.0.0;C:\Program Files\Git\usr\bin\vendor_perl;C:\Program Files\Git\usr\bin\core_perl;."/>
    <property name="maven.conf" value="C:/ProgramData/chocolatey/lib/maven/apache-maven-3.8.6/conf"/>
    <property name="jdk.debug" value="release"/>
    <property name="java.class.version" value="55.0"/>
    <property name="java.specification.name" value="Java Platform API Specification"/>
    <property name="sun.management.compiler" value="HotSpot 64-Bit Tiered Compilers"/>
    <property name="os.version" value="10.0"/>
    <property name="library.jansi.path" value="C:/ProgramData/chocolatey/lib/maven/apache-maven-3.8.6/lib/jansi-native"/>
    <property name="user.home" value="C:\Users\Eduardo"/>
    <property name="user.timezone" value="America/Sao_Paulo"/>
    <property name="java.awt.printerjob" value="sun.awt.windows.WPrinterJob"/>
    <property name="file.encoding" value="Cp1252"/>
    <property name="java.specification.version" value="11"/>
    <property name="user.name" value="Eduardo"/>
    <property name="java.class.path" value="C:/ProgramData/chocolatey/lib/maven/apache-maven-3.8.6/boot/plexus-classworlds-2.6.0.jar"/>
    <property name="java.vm.specification.version" value="11"/>
    <property name="sun.arch.data.model" value="64"/>
    <property name="sun.java.command" value="org.codehaus.plexus.classworlds.launcher.Launcher -Dtest=Runner test"/>
    <property name="java.home" value="C:\Program Files\Java\jdk-11.0.7"/>
    <property name="user.language" value="pt"/>
    <property name="java.specification.vendor" value="Oracle Corporation"/>
    <property name="awt.toolkit" value="sun.awt.windows.WToolkit"/>
    <property name="java.vm.info" value="mixed mode"/>
    <property name="java.version" value="11.0.7"/>
    <property name="java.vendor" value="Oracle Corporation"/>
    <property name="maven.home" value="C:\ProgramData\chocolatey\lib\maven\apache-maven-3.8.6"/>
    <property name="file.separator" value="\"/>
    <property name="java.version.date" value="2020-04-14"/>
    <property name="java.vendor.url.bug" value="https://bugreport.java.com/bugreport/"/>
    <property name="sun.io.unicode.encoding" value="UnicodeLittle"/>
    <property name="sun.cpu.endian" value="little"/>
    <property name="java.vendor.version" value="18.9"/>
    <property name="sun.desktop" value="windows"/>
    <property name="sun.cpu.isalist" value="amd64"/>
  </properties>
  <testcase classname="validar cadastro com sucesso no site Register" name="que eu acesso o site Register" time="5.162"/>
  <testcase classname="validar cadastro com sucesso no site Register" name="preencho o campo nome com o valor &quot;Eduardo&quot;" time="0.352"/>
  <testcase classname="validar cadastro com sucesso no site Register" name="preencho o campo sobrenome com o valor &quot;Santos&quot;" time="0.116"/>
  <testcase classname="validar cadastro com sucesso no site Register" name="preencho o campo endereco com o valor &quot;Rua Aurelia de Sousa&quot;" time="0.288"/>
  <testcase classname="validar cadastro com sucesso no site Register" name="preencho o campo email com o valor &quot;eduardo_cns@hotmail.com&quot;" time="0.19"/>
  <testcase classname="validar cadastro com sucesso no site Register" name="preencho o campo telefone com o valor &quot;951218175&quot;" time="0.117"/>
  <testcase classname="validar cadastro com sucesso no site Register" name="clico no genero masculino" time="0.214"/>
  <testcase classname="validar cadastro com sucesso no site Register" name="escolho o Hobbie Movies" time="0.072"/>
  <testcase classname="validar cadastro com sucesso no site Register" name="seleciono a Skill &quot;Javascript&quot;" time="0.172"/>
  <testcase classname="validar cadastro com sucesso no site Register" name="escolho o country" time="0.267"/>
  <testcase classname="validar cadastro com sucesso no site Register" name="seleciono o ano de &quot;1984&quot;, o mes &quot;December&quot;, e o dia &quot;29&quot;" time="0.379"/>
  <testcase classname="validar cadastro com sucesso no site Register" name="preencho a senha &quot;1234&quot;" time="0.119"/>
  <testcase classname="validar cadastro com sucesso no site Register" name="confirmo a senha &quot;1234&quot;" time="0.11"/>
  <testcase classname="validar cadastro com sucesso no site Register" name="validar cadastro com sucesso no site Register" time="1.329"/>
</testsuite>